2023/08/02 17:02:01 [INFO]: [SRT Translator started]
2023/08/02 17:04:30 [INFO]: [SRT Translator started]
2023/08/02 17:15:01 [INFO]: [SRT Translator started]
2023/08/02 18:02:12 [INFO]: [SRT Translator started]
2023/08/02 18:02:12 [ERROR]: [file already translated. If this is a false positive, please, locate and remove this text line: 'meta=translated' (should be the last entry)]
2023/08/02 18:02:13 [Warning] - using 'en' as src language instead of 'en'
2023/08/02 18:02:47 [INFO]: [SRT Translator started]
2023/08/02 18:02:47 [ERROR]: [file already translated. If this is a false positive, please, locate and remove this text line: 'meta=translated' (should be the last entry)]
2023/08/02 18:02:47 [ERROR]: [file already translated. If this is a false positive, please, locate and remove this text line: 'meta=translated' (should be the last entry)]
2023/08/02 18:02:47 [ERROR]: [file already translated. If this is a false positive, please, locate and remove this text line: 'meta=translated' (should be the last entry)]
2023/08/02 18:02:47 [ERROR]: [file already translated. If this is a false positive, please, locate and remove this text line: 'meta=translated' (should be the last entry)]
2023/08/02 18:02:47 [ERROR]: [file already translated. If this is a false positive, please, locate and remove this text line: 'meta=translated' (should be the last entry)]
2023/08/02 18:24:30 [INFO]: [SRT Translator started]
2023/08/02 18:24:30 [ERROR]: [output file /Users/leandrozcapuano/Documents/git-projects/go-translate-subtitle-file/transub/examples/subtitle.pt.srt already exists]
2023/08/02 18:24:30 [ERROR]: [this file apears to be a translation: subtitle.pt.srt]
2023/08/02 18:24:30 [ERROR]: [file already translated. If this is a false positive, please, locate and remove this text line: 'meta=translated' (should be the last entry)]
2023/08/02 18:25:36 [INFO]: [SRT Translator started]
2023/08/02 18:25:36 [ERROR]: [file already translated. If this is a false positive, please, locate and remove this text line: 'meta=translated' (should be the last entry)]
2023/08/02 18:31:22 [INFO]: [SRT Translator started]
2023/08/02 18:31:22 [ERROR]: [file already translated. If this is a false positive, please, locate and remove this text line: 'meta=translated' (should be the last entry)]
2023/08/02 18:36:03 [INFO]: [SRT Translator started]
2023/08/02 18:36:03 [ERROR]: [file already translated. If this is a false positive, please, locate and remove this text line: 'meta=translated' (should be the last entry)]
2023/08/02 18:38:30 [INFO]: [SRT Translator started]
2023/08/02 18:38:30 [ERROR]: [file already translated. If this is a false positive, please, locate and remove this text line: 'meta=translated' (should be the last entry)]
2023/08/02 18:41:57 [INFO]: [SRT Translator started]
2023/08/02 18:41:57 [ERROR]: [file already translated. If this is a false positive, please, locate and remove this text line: 'meta=translated' (should be the last entry)]
2023/08/02 18:41:57 [ERROR]: [file already translated. If this is a false positive, please, locate and remove this text line: 'meta=translated' (should be the last entry)]
2023/08/02 18:42:19 [ERROR]: [file already translated. If this is a false positive, please, locate and remove this text line: 'meta=translated' (should be the last entry)]
2023/08/02 18:42:20 [ERROR]: [file already translated. If this is a false positive, please, locate and remove this text line: 'meta=translated' (should be the last entry)]
2023/08/02 18:49:38 [INFO]: [SRT Translator started]
2023/08/02 18:49:38 [ERROR]: [lstat smb://192.168.1.200/public/media/series/Oz (1997)/S01: no such file or directory]
2023/08/02 18:49:38 [ERROR]: [lstat smb://192.168.1.200/public/media/series/Oz (1997)/S01: no such file or directory]
2023/08/03 14:56:27 [INFO]: [SRT Translator started]
2023/08/03 14:56:48 [INFO]: [SRT Translator started]
2023/08/03 14:58:50 [INFO]: [SRT Translator started]
2023/08/03 15:10:34 [ERROR]: [this is not a .srt file]
2023/08/03 15:10:46 [ERROR]: [this is not a .srt file]
